Build started 1/16/2016 7:34:03 PM.
     1>Project "C:\Users\Oliver\Documents\Visual Studio 2015\Projects\BallGame\BallGame\BallGame.vcxproj" on node 2 (Build target(s)).
     1>ClCompile:
         C:\Program Files (x86)\Microsoft Visual Studio 14.0\VC\bin\CL.exe /c /ZI /nologo /W3 /WX- /Od /Oy- /D WIN32 /D _DEBUG /D _CONSOLE /D _UNICODE /D UNICODE /Gm /EHsc /RTC1 /MDd /GS /fp:precise /Zc:wchar_t /Zc:forScope /Zc:inline /Fo"Debug\\" /Fd"Debug\vc140.pdb" /Gd /TP /analyze- /errorReport:prompt Main.cpp MainGame.cpp
         Main.cpp
         Generating Code...
         Compiling...
         MainGame.cpp
     1>c:\users\oliver\documents\visual studio 2015\projects\ballgame\gengine\gltexture.h(7): warning C4099: 'gengine::GLTexture': type name first seen using 'class' now seen using 'struct'
         c:\users\oliver\documents\visual studio 2015\projects\ballgame\gengine\gltexture.h(7): note: see declaration of 'gengine::GLTexture'
     1>c:\users\oliver\documents\visual studio 2015\projects\ballgame\ballgame\maingame.cpp(144): warning C4018: '<': signed/unsigned mismatch
         Generating Code...
       Link:
         C:\Program Files (x86)\Microsoft Visual Studio 14.0\VC\bin\link.exe /ERRORREPORT:PROMPT /OUT:"C:\Users\Oliver\Documents\Visual Studio 2015\Projects\BallGame\Debug\BallGame.exe" /INCREMENTAL /NOLOGO SDL2.lib SDL2main.lib SDL2_ttf.lib SDL2_mixer.lib opengl32.lib glew32.lib gengine.lib kernel32.lib user32.lib gdi32.lib winspool.lib comdlg32.lib advapi32.lib shell32.lib ole32.lib oleaut32.lib uuid.lib odbc32.lib odbccp32.lib /MANIFEST /MANIFESTUAC:"level='asInvoker' uiAccess='false'" /manifest:embed /Debug /PDB:"C:\Users\Oliver\Documents\Visual Studio 2015\Projects\BallGame\Debug\BallGame.pdb" /SUBSYSTEM:CONSOLE /TLBID:1 /DYNAMICBASE /NXCOMPAT /IMPLIB:"C:\Users\Oliver\Documents\Visual Studio 2015\Projects\BallGame\Debug\BallGame.lib" /MACHINE:X86 Debug\Ball.obj
         Debug\BallController.obj
         Debug\BallRenderer.obj
         Debug\Grid.obj
         Debug\Main.obj
         Debug\MainGame.obj
         BallGame.vcxproj -> C:\Users\Oliver\Documents\Visual Studio 2015\Projects\BallGame\Debug\BallGame.exe
     1>Done Building Project "C:\Users\Oliver\Documents\Visual Studio 2015\Projects\BallGame\BallGame\BallGame.vcxproj" (Build target(s)).

Build succeeded.

Time Elapsed 00:00:02.17
